<?xml version="1.0" encoding="UTF-8"?>
<!-- Generated by org.testng.reporters.JUnitXMLReporter -->
<testsuite ignored="0" hostname="Rashidas-MacBook-Air.local" failures="0" tests="1" name="Home" time="0.15" errors="0" timestamp="2020-08-14T13:22:41 GMT-04:00">
  <testcase classname="Base.HomeDepot.Base_Class" name="@BeforeClass browser" time="0.084">
    <failure type="java.lang.IllegalStateException" message="The driver executable does not exist: /Users/rashidaislam/Downloads/chromedriver\ 8">
      <![CDATA[java.lang.IllegalStateException: The driver executable does not exist: /Users/rashidaislam/Downloads/chromedriver\ 8
at com.google.common.base.Preconditions.checkState(Preconditions.java:585)
at org.openqa.selenium.remote.service.DriverService.checkExecutable(DriverService.java:146)
at org.openqa.selenium.remote.service.DriverService.findExecutable(DriverService.java:141)
at org.openqa.selenium.chrome.ChromeDriverService.access$000(ChromeDriverService.java:35)
at org.openqa.selenium.chrome.ChromeDriverService$Builder.findDefaultExecutable(ChromeDriverService.java:159)
at org.openqa.selenium.remote.service.DriverService$Builder.build(DriverService.java:355)
at org.openqa.selenium.chrome.ChromeDriverService.createDefaultService(ChromeDriverService.java:94)
at org.openqa.selenium.chrome.ChromeDriver.<init>(ChromeDriver.java:123)
at Base.HomeDepot.Base_Class.browser(Base_Class.java:32)
at java.base/java.util.ArrayList.forEach(ArrayList.java:1540)
... Removed 25 stack frames]]>
    </failure>
  </testcase> <!-- @BeforeClass browser -->
  <testcase classname="Base.HomeDepot.Base_Class" name="@AfterClass afterClass" time="-1.597425761765E9">
    <skipped/>
  </testcase> <!-- @AfterClass afterClass -->
  <testcase classname="runner2.HomeDepotTest2" name="Verifiction" time="0.0">
    <skipped/>
  </testcase> <!-- Verifiction -->
</testsuite> <!-- Home -->
